<?xml version="1.0" encoding="UTF-8"?>
<testng-results ignored="0" total="1" passed="1" failed="0" skipped="0">
  <reporter-output>
  </reporter-output>
  <suite started-at="2020-11-03T13:55:45 PKT" name="Default suite" finished-at="2020-11-03T13:56:02 PKT" duration-ms="17350">
    <groups>
    </groups>
    <test started-at="2020-11-03T13:55:45 PKT" name="Default test" finished-at="2020-11-03T13:56:02 PKT" duration-ms="17350">
      <class name="com.practice.TheBook.Chapter1">
        <test-method is-config="true" signature="BeforeTest()[pri:0, instance:com.practice.TheBook.Chapter1@4c1d9d4b]" started-at="2020-11-03T13:55:45 PKT" name="BeforeTest" finished-at="2020-11-03T13:55:57 PKT" duration-ms="12503" status="PASS">
          <reporter-output>
          </reporter-output>
        </test-method> <!-- BeforeTest -->
        <test-method signature="chapter1()[pri:0, instance:com.practice.TheBook.Chapter1@4c1d9d4b]" started-at="2020-11-03T13:55:57 PKT" name="chapter1" finished-at="2020-11-03T13:56:01 PKT" duration-ms="3585" status="PASS">
          <reporter-output>
          </reporter-output>
        </test-method> <!-- chapter1 -->
        <test-method is-config="true" signature="AfterTest()[pri:0, instance:com.practice.TheBook.Chapter1@4c1d9d4b]" started-at="2020-11-03T13:56:01 PKT" name="AfterTest" finished-at="2020-11-03T13:56:02 PKT" duration-ms="1232" status="PASS">
          <reporter-output>
          </reporter-output>
        </test-method> <!-- AfterTest -->
      </class> <!-- com.practice.TheBook.Chapter1 -->
    </test> <!-- Default test -->
  </suite> <!-- Default suite -->
</testng-results>
